WARNING: An illegal reflective access operation has occurred
WARNING: Illegal reflective access by io.netty.util.internal.ReflectionUtil (file:/Users/raulalcantara/.cache/firebase/emulators/firebase-database-emulator-v4.11.0.jar) to field sun.nio.ch.SelectorImpl.selectedKeys
WARNING: Please consider reporting this to the maintainers of io.netty.util.internal.ReflectionUtil
WARNING: Use --illegal-access=warn to enable warnings of further illegal reflective access operations
WARNING: All illegal access operations will be denied in a future release
21:39:46.493 [NamespaceSystem-akka.actor.default-dispatcher-4] INFO akka.event.slf4j.Slf4jLogger - Slf4jLogger started
21:39:46.583 [main] INFO com.firebase.server.forge.App$ - Listening at 127.0.0.1:9000
21:39:49.012 [NamespaceSystem-akka.actor.default-dispatcher-4] INFO com.firebase.core.namespace.NamespaceActor - doodlebot-controller-firebase-default-rtdb successfully activated FBKV (SurveyIdle(0)) wait: 75ms, init: 0ms
21:39:49.039 [NamespaceSystem-blocking-namespace-operation-dispatcher-6] INFO com.firebase.core.namespace.StateManager - Namespace doodlebot-controller-firebase-default-rtdb status Active to Active
21:39:55.306 [FirebaseWorkerPool-1-3] WARN com.firebase.core.persistence.backend.dummy.EmulatorMetadataPersistence - Multiple projectIds are not recommended in single project mode. Requested 
namespace doodlebot-controller-firebase, but the emulator is configured for doodlebot-controller-firebase-default-rtdb. To 
opt-out of single project mode add/set the single_project_mode: false property in 
the firebase.json emulators config. 
21:39:55.324 [NamespaceSystem-akka.actor.default-dispatcher-5] INFO com.firebase.core.namespace.NamespaceActor - doodlebot-controller-firebase successfully activated FBKV (SurveyIdle(0)) wait: 13ms, init: 0ms
11:17:39.146 [FirebaseWorkerPool-1-2] WARN com.firebase.core.persistence.backend.dummy.EmulatorMetadataPersistence - Multiple projectIds are not recommended in single project mode. Requested 
namespace 127, but the emulator is configured for doodlebot-controller-firebase-default-rtdb,doodlebot-controller-firebase. To 
opt-out of single project mode add/set the single_project_mode: false property in 
the firebase.json emulators config. 
11:17:39.191 [NamespaceSystem-akka.actor.default-dispatcher-106] INFO com.firebase.core.namespace.NamespaceActor - 127 successfully activated FBKV (SurveyIdle(0)) wait: 14ms, init: 0ms
11:25:47.245 [NamespaceSystem-blocking-namespace-operation-dispatcher-135] INFO com.firebase.core.namespace.StateManager - Namespace doodlebot-controller-firebase-default-rtdb status Active to Active
12:30:54.837 [Thread-0] INFO com.firebase.server.forge.App$ - Attempting graceful shutdown.
12:30:54.909 [NamespaceSystem-akka.actor.default-dispatcher-178] INFO com.firebase.core.namespace.Terminator$Terminator - 3 actors left to terminate: doodlebot-controller-firebase, doodlebot-controller-firebase-default-rtdb, 127
12:30:54.921 [NamespaceSystem-akka.actor.default-dispatcher-182] INFO com.firebase.core.namespace.NamespaceActor - stopped namespace actor for doodlebot-controller-firebase
12:30:54.921 [NamespaceSystem-akka.actor.default-dispatcher-184] INFO com.firebase.core.namespace.NamespaceActor - stopped namespace actor for doodlebot-controller-firebase-default-rtdb
12:30:54.921 [NamespaceSystem-akka.actor.default-dispatcher-180] INFO com.firebase.core.namespace.NamespaceActor - stopped namespace actor for 127
12:30:54.927 [Thread-0] INFO com.firebase.server.forge.App$ - Graceful shutdown complete.
